<!-- SC_OFF --><div class="md"><p>Hi, when i try to install libunity dee throws this error:</p> <pre><code>In file included from /usr/include/glib-2.0/glib/giochannel.h:36, from /usr/include/glib-2.0/glib.h:56, from dee-icu.h:23, from dee-icu-term-filter.c:30: dee-icu-term-filter.c: In function &#39;print_error&#39;: /usr/include/glib-2.0/glib/gstring.h:72:5: error: ignoring return value of &#39;g_string_free_and_steal&#39; declared with attribute &#39;warn_unused_result&#39; [-Werror=unused-result] 68 | (__builtin_constant_p (free_segment) ? \ | ~~~~~~~~~~~~~~~~~~~~~~~~~~~~~~~~~~~~~~~~~~~~~~~ 69 | ((free_segment) ? \ | ~~~~~~~~~~~~~~~~~~~~~~~~~~~~~~~~~~~~~~~~~~~~~ 70 | (g_string_free) ((str), (free_segment)) : \ | ~~~~~~~~~~~~~~~~~~~~~~~~~~~~~~~~~~~~~~~~~~~ 71 | g_string_free_and_steal (str)) \ | ~~~~~~~~~~~~~~~~~~~~~~~~~~~~~~~~~~~~~~~~~~~ 72 | : \ | ^~~~~~~~~~~~~~~~~~~~~~~~~~~~~~~~~~~~~~~~~~~~~ 73 | (g_string_free) ((str), (free_segment))) | ~~~~~~~~~~~~~~~~~~~~~~~~~~~~~~~~~~~~~~~~ dee-icu-term-filter.c:104:3: note: in expansion of macro &#39;g_string_free&#39; 104 | g_string_free (str, FALSE); | ^~~~~~~~~~~~~ cc1: all warnings being treated as errors make[3]: *** [Makefile:854: libdee_1_0_la-dee-icu-term-filter.lo] Error 1 make[3]: Leaving directory &#39;/home/david/Downloads/dee/src/dee-1.2.7/src&#39; make[2]: *** [Makefile:553: all] Error 2 make[2]: Leaving directory &#39;/home/david/Downloads/dee/src/dee-1.2.7/src&#39; make[1]: *** [Makefile:528: all-recursive] Error 1 make[1]: Leaving directory &#39;/home/david/Downloads/dee/src/dee-1.2.7&#39; make: *** [Makefile:434: all] Error 2 ==&gt; ERROR: A failure occurred in build(). Aborting... </code></pre> <p>i tried searching online but i couldn&#39;t find anything</p> <p>&#x200B;</p> <p>Edit: solved by ButtStuffBrad<br/> -Wno-error=unused-result</p> </div><!-- SC_ON --> &#32; submitted by &#32; <a href="https://www.reddit.com/user/Nebel_David"> /u/Nebel_David </a> <br/> <span><a href="https://www.reddit.com/r/archlinux/comments/130k4xv/cant_install_libunity_because_of_dee_compile_error/">[link]</a></span> &#32; <span><a href="https://www.reddit.com/r/archlinux/comments/130k4xv/cant_install_libunity_because_of_dee_compile_error/">[comments]</a></span>